import { createEvent as __stencil_createEvent } from "@stencil/core";
import { getConnect as __stencil_getConnect } from "@stencil/core";
import { getContext as __stencil_getContext } from "@stencil/core";
import { getElement as __stencil_getElement } from "@stencil/core";
import { Host as __stencil_Host } from "@stencil/core";
import { h as __stencil_h } from "@stencil/core";
import { registerInstance as __stencil_registerInstance } from "@stencil/core";
import { h } from '@stencil/core';
export class ProGrid {
    constructor(hostRef) {
        __stencil_registerInstance(this, hostRef);
        this.fixed = false;
    }
    hostData() {
        return {
            class: {
                'grid-fixed': this.fixed
            }
        };
    }
    __stencil_render() {
        return (h("slot", null));
    }
    render() { return __stencil_h(__stencil_Host, this.hostData(), this.__stencil_render()); }
    static get style() { return "STYLE_TEXT_PLACEHOLDER:pro-grid"; }
}
