import { createEvent as __stencil_createEvent } from "@stencil/core";
import { getConnect as __stencil_getConnect } from "@stencil/core";
import { getContext as __stencil_getContext } from "@stencil/core";
import { getElement as __stencil_getElement } from "@stencil/core";
import { Host as __stencil_Host } from "@stencil/core";
import { h as __stencil_h } from "@stencil/core";
import { registerInstance as __stencil_registerInstance } from "@stencil/core";
import { h } from '@stencil/core';
export class ProRadioGroup {
    constructor(hostRef) {
        __stencil_registerInstance(this, hostRef);
        this.selects = [];
    }
    onRadioDidLoad(ev) {
        const select = ev.target;
        select.name = this.name;
        this.selects.push(select);
        this.updateRadios();
    }
    onRadioDidUnload(ev) {
        const index = this.selects.indexOf(ev.target);
        if (index > -1) {
            this.selects.splice(index, 1);
        }
    }
    onSelect(ev) {
        const selectedRadio = ev.target;
        if (selectedRadio) {
            selectedRadio.checked = true;
            this.value = selectedRadio.value;
        }
        this.updateRadios();
    }
    onDeselect(ev) {
        const selectedRadio = ev.target;
        if (selectedRadio) {
            selectedRadio.checked = false;
            this.value = undefined;
        }
        this.updateRadios();
    }
    componentDidLoad() {
        this.updateRadios();
    }
    updateRadios() {
        const value = this.value;
        let hasChecked = false;
        for (const select of this.selects) {
            if (!hasChecked && select.value === value) {
                hasChecked = true;
                select.checked = true;
            }
            else {
                select.checked = false;
            }
        }
    }
    render() {
        return h("slot", null);
    }
    get el() { return __stencil_getElement(this); }
    static get style() { return "STYLE_TEXT_PLACEHOLDER:pro-radio-group"; }
}
