System.register(['./chunk-1b41fb25.system.js'], function (exports) {
    'use strict';
    var registerInstance, h;
    return {
        setters: [function (module) {
                registerInstance = module.r;
                h = module.h;
            }],
        execute: function () {
            var ProHeader = /** @class */ (function () {
                function ProHeader(hostRef) {
                    registerInstance(this, hostRef);
                }
                ProHeader.prototype.render = function () {
                    return (h("slot", null));
                };
                Object.defineProperty(ProHeader, "style", {
                    get: function () { return "STYLE_TEXT_PLACEHOLDER:pro-header"; },
                    enumerable: true,
                    configurable: true
                });
                return ProHeader;
            }());
            exports('pro_header', ProHeader);
        }
    };
});
