System.register(['./chunk-1b41fb25.system.js', './chunk-bc320e8f.system.js'], function (exports) {
    'use strict';
    var registerInstance, createEvent, h, Host, now;
    return {
        setters: [function (module) {
                registerInstance = module.r;
                createEvent = module.c;
                h = module.h;
                Host = module.H;
            }, function (module) {
                now = module.n;
            }],
        execute: function () {
            var ProBackdrop = /** @class */ (function () {
                function ProBackdrop(hostRef) {
                    registerInstance(this, hostRef);
                    this.lastClick = -10000;
                    this.visible = true;
                    this.tappable = true;
                    this.ionBackdropTap = createEvent(this, "ionBackdropTap", 7);
                }
                ProBackdrop.prototype.onTouchStart = function (ev) {
                    this.lastClick = now(ev);
                    this.emitTap();
                };
                ProBackdrop.prototype.onMouseDown = function (ev) {
                    if (this.lastClick < now(ev) - 2500) {
                        this.emitTap();
                    }
                };
                ProBackdrop.prototype.emitTap = function () {
                    if (this.tappable) {
                        this.ionBackdropTap.emit();
                    }
                };
                ProBackdrop.prototype.hostData = function () {
                    return {
                        tabindex: '-1',
                        class: {
                            'backdrop-hide': !this.visible,
                            'backdrop-no-tappable': !this.tappable,
                        }
                    };
                };
                ProBackdrop.prototype.render = function () { return h(Host, this.hostData()); };
                Object.defineProperty(ProBackdrop, "style", {
                    get: function () { return "STYLE_TEXT_PLACEHOLDER:pro-backdrop"; },
                    enumerable: true,
                    configurable: true
                });
                return ProBackdrop;
            }());
            exports('pro_backdrop', ProBackdrop);
        }
    };
});
