System.register(['./chunk-1b41fb25.system.js'], function (exports) {
    'use strict';
    var registerInstance, h;
    return {
        setters: [function (module) {
                registerInstance = module.r;
                h = module.h;
            }],
        execute: function () {
            var ProFooter = /** @class */ (function () {
                function ProFooter(hostRef) {
                    registerInstance(this, hostRef);
                }
                ProFooter.prototype.render = function () {
                    return h("slot", null);
                };
                Object.defineProperty(ProFooter, "style", {
                    get: function () { return "STYLE_TEXT_PLACEHOLDER:pro-footer"; },
                    enumerable: true,
                    configurable: true
                });
                return ProFooter;
            }());
            exports('pro_footer', ProFooter);
        }
    };
});
