System.register(['./chunk-1b41fb25.system.js'], function (exports) {
    'use strict';
    var registerInstance, h;
    return {
        setters: [function (module) {
                registerInstance = module.r;
                h = module.h;
            }],
        execute: function () {
            var ProRow = /** @class */ (function () {
                function ProRow(hostRef) {
                    registerInstance(this, hostRef);
                }
                ProRow.prototype.render = function () {
                    return (h("slot", null));
                };
                Object.defineProperty(ProRow, "style", {
                    get: function () { return "STYLE_TEXT_PLACEHOLDER:pro-row"; },
                    enumerable: true,
                    configurable: true
                });
                return ProRow;
            }());
            exports('pro_row', ProRow);
        }
    };
});
