System.register(['./chunk-1b41fb25.system.js'], function (exports) {
    'use strict';
    var registerInstance, h;
    return {
        setters: [function (module) {
                registerInstance = module.r;
                h = module.h;
            }],
        execute: function () {
            var ProImage = /** @class */ (function () {
                function ProImage(hostRef) {
                    registerInstance(this, hostRef);
                }
                // @Watch() src
                ProImage.prototype.render = function () {
                    return (h("img", { src: this.src, alt: this.alt, decoding: "async" }));
                };
                Object.defineProperty(ProImage, "style", {
                    get: function () { return "STYLE_TEXT_PLACEHOLDER:pro-image"; },
                    enumerable: true,
                    configurable: true
                });
                return ProImage;
            }());
            exports('pro_image', ProImage);
        }
    };
});
