15:14:30.03  0073.6MB  D  dev server www root: /Users/admin/repos/pro-ui-library/www, base path: /, [2m MEM: 73.2MB[22m
15:14:30.03  0073.6MB  I  [36m@stencil/core v1.1.4 🍗[39m
15:14:30.03  0073.7MB  D  darwin, Intel(R) Core(TM) i7-4980HQ CPU @ 2.80GHz, [2m MEM: 73.7MB[22m
15:14:30.03  0073.7MB  D  cpus: 8, freemem: 8184MB, totalmem: 17180MB, [2m MEM: 73.7MB[22m
15:14:30.03  0073.7MB  D  node v12.4.0, [2m MEM: 73.7MB[22m
15:14:30.03  0073.7MB  D  compiler runtime: /Users/admin/repos/pro-ui-library/node_modules/@stencil/core/dist/compiler/index.js, [2m MEM: 73.7MB[22m
15:14:30.03  0073.7MB  D  compiler build: 20190703165053, [2m MEM: 73.7MB[22m
15:14:30.03  0073.7MB  D  minifyJs: false, minifyCss: false, buildEs5: false, [2m MEM: 73.7MB[22m
15:14:30.03  0073.9MB  D  compiler workers: 8, tasks per worker: 2, [2m MEM: 73.9MB[22m
15:14:30.03  0073.9MB  D  cache enabled, cacheDir: /Users/admin/repos/pro-ui-library/.stencil, [2m MEM: 73.9MB[22m
15:14:30.09  0074.3MB  D  dev server started: http://localhost:3333/, [2m MEM: 74.3MB[22m
15:14:30.09  0074.3MB  I  build, pro-ui-library, dev mode, started ...
15:14:30.09  0074.3MB  D  [36m[0][39m start build, 2019-07-30T21:14:30, [2m MEM: 74.3MB[22m
15:14:30.09  0074.4MB  D  [36m[0][39m cleaning 2 dirs ...
15:14:30.09  0074.4MB  D  [36m[0][39m empty dir: /Users/admin/repos/pro-ui-library/dist, [2m MEM: 74.4MB[22m
15:14:30.09  0074.4MB  D  [36m[0][39m empty dir: /Users/admin/repos/pro-ui-library/www, [2m MEM: 74.4MB[22m
15:14:30.09  0074.7MB  D  [36m[0][39m cleaning dirs finished in 16 ms
15:14:30.09  0074.8MB  D  [36m[0][39m scan /Users/admin/repos/pro-ui-library/src started ...
15:14:30.09  0072.8MB  D  [36m[0][39m scan for ts files finished: 21 in 12 ms
15:14:31.00  0072.8MB  I  transpile started ...
15:14:32.01  0135.2MB  I  transpile finished in 1.18 s
15:14:32.01  0135.2MB  D  [36m[0][39m generated app types started ...
15:14:32.01  0135.3MB  I  [2m[36mGET[39m /~dev-server-init[22m
15:14:32.01  0135.3MB  I  [2m[36mGET[39m /~dev-server[22m
15:14:32.01  0135.3MB  D  [36m[0][39m generated app types finished: src/components.d.ts in 6 ms
15:14:32.01  0135.3MB  I  type checking started ...
15:14:32.02  0135.5MB  D  [36m[0][39m getComponentAssetsCopyTasks: 0, [2m MEM: 135.5MB[22m
15:14:32.02  0135.5MB  D  [36m[0][39m getComponentAssetsCopyTasks: 0, [2m MEM: 135.5MB[22m
15:14:32.02  0135.5MB  D  [36m[0][39m getComponentAssetsCopyTasks: 0, [2m MEM: 135.5MB[22m
15:14:32.02  0135.5MB  I  copy started ...
15:14:32.02  0135.5MB  D  [36m[0][39m generateEntryModules, 18 entryModules, [2m MEM: 135.5MB[22m
15:14:32.02  0135.5MB  I  generate styles started ...
15:14:32.02  0135.5MB  D  [36m[0][39m generate collections started ...
15:14:32.02  0135.6MB  I  bundling components started ...
15:14:32.02  0135.7MB  D  [36m[0][39m generate collections finished in 7 ms
15:14:32.04  0144.1MB  I  copy finished (6 files) in 224 ms
15:14:32.07  0148.8MB  D  did not resolve external css @import: @import url("https://fonts.googleapis.com/css?family=Raleway&display=swap");, [2m MEM: 148.8MB[22m
15:14:32.07  0148.8MB  D  did not resolve external css @import: @import url("https://fonts.googleapis.com/css?family=Raleway&display=swap");, [2m MEM: 148.8MB[22m
15:14:32.07  0148.8MB  D  did not resolve external css @import: @import url("https://fonts.googleapis.com/css?family=Raleway&display=swap");, [2m MEM: 148.8MB[22m
15:14:32.07  0148.8MB  D  did not resolve external css @import: @import url("https://fonts.googleapis.com/css?family=Raleway&display=swap");, [2m MEM: 148.8MB[22m
15:14:32.07  0148.8MB  D  did not resolve external css @import: @import url("https://fonts.googleapis.com/css?family=Raleway&display=swap");, [2m MEM: 148.8MB[22m
15:14:32.07  0148.8MB  D  did not resolve external css @import: @import url("https://fonts.googleapis.com/css?family=Raleway&display=swap");, [2m MEM: 148.8MB[22m
15:14:32.07  0148.8MB  D  did not resolve external css @import: @import url("https://fonts.googleapis.com/css?family=Raleway&display=swap");, [2m MEM: 148.8MB[22m
15:14:32.07  0148.8MB  D  did not resolve external css @import: @import url("https://fonts.googleapis.com/css?family=Raleway&display=swap");, [2m MEM: 148.8MB[22m
15:14:32.07  0148.8MB  D  did not resolve external css @import: @import url("https://fonts.googleapis.com/css?family=Raleway&display=swap");, [2m MEM: 148.8MB[22m
15:14:32.07  0148.8MB  D  did not resolve external css @import: @import url("https://fonts.googleapis.com/css?family=Raleway&display=swap");, [2m MEM: 148.8MB[22m
15:14:32.07  0148.8MB  D  did not resolve external css @import: @import url("https://fonts.googleapis.com/css?family=Raleway&display=swap");, [2m MEM: 148.8MB[22m
15:14:32.07  0148.8MB  D  did not resolve external css @import: @import url("https://fonts.googleapis.com/css?family=Raleway&display=swap");, [2m MEM: 148.8MB[22m
15:14:33.01  0157.6MB  I  generate styles finished in 953 ms
15:14:33.04  0169.8MB  D  Upfront metadata is 1923 bytes, [2m MEM: 169.8MB[22m
15:14:34.02  0170.7MB  D  Upfront metadata is 2049 bytes, [2m MEM: 170.7MB[22m
15:14:34.02  0170.7MB  I  type checking finished in 2.07 s
15:14:34.02  0170.7MB  I  bundling components finished in 2.06 s
15:14:34.02  0170.7MB  D  [36m[0][39m generate www started ...
15:14:34.02  0170.7MB  D  [36m[0][39m generateIndexHtml, write: www/index.html, [2m MEM: 170.7MB[22m
15:14:34.02  0170.7MB  D  [36m[0][39m generate www finished in 3 ms
15:14:34.02  0170.7MB  D  [36m[0][39m generate types started ...
15:14:34.02  0170.8MB  D  [36m[0][39m generated app types started ...
15:14:34.02  0170.8MB  D  [36m[0][39m generated app types finished: dist/types/components.d.ts in 1 ms
15:14:34.02  0170.8MB  D  [36m[0][39m generate types finished in 2 ms
15:14:34.02  0170.8MB  D  [36m[0][39m writeBuildFiles started ...
15:14:34.03  0172.9MB  D  clearExpiredCache, set last clear, [2m MEM: 172.9MB[22m
15:14:34.03  0172.9MB  D  [36m[0][39m in-memory-fs: data length: 724, [2m MEM: 172.9MB[22m
15:14:34.03  0172.9MB  D  [36m[0][39m cache: data length: 86, [2m MEM: 172.9MB[22m
15:14:34.03  0172.9MB  D  [36m[0][39m writeBuildFiles finished, files wrote: 120 in 29 ms
15:14:34.03  0172.9MB  D  [36m[0][39m finished build, 2019-07-30T21:14:30, [2m MEM: 172.9MB[22m
15:14:34.03  0172.9MB  D  [36m[0][39m generateBuildResults started ...
15:14:34.03  0172.9MB  D  [36m[0][39m generateBuildResults finished in less than 1 ms
15:14:34.03  0172.9MB  I  dev server: [36mhttp://localhost:3333/[39m
15:14:34.03  0172.9MB  I  build finished, watching for changes... in 3.34 s
15:14:34.03  0172.9MB  F  --------------------------------------